2025-11-06T18:51:18.027-03:00  INFO 1760 --- [main] b.p.authserver.AuthServerApplicationKt   : Starting AuthServerApplicationKt using Java 21.0.9 with PID 1760 (/Users/dhiessicaplastermoreira/Documents/Code/Study/PostGraduation/CloudAWS/authserver_01_inicial/build/classes/kotlin/main started by dhiessicaplastermoreira in /Users/dhiessicaplastermoreira/Documents/Code/Study/PostGraduation/CloudAWS/authserver_01_inicial)
2025-11-06T18:51:18.029-03:00  INFO 1760 --- [main] b.p.authserver.AuthServerApplicationKt   : No active profile set, falling back to 1 default profile: "default"
2025-11-06T18:51:18.323-03:00  INFO 1760 --- [main] .s.d.r.c.RepositoryConfigurationDelegate : Bootstrapping Spring Data JPA repositories in DEFAULT mode.
2025-11-06T18:51:18.341-03:00  INFO 1760 --- [main] .s.d.r.c.RepositoryConfigurationDelegate : Finished Spring Data repository scanning in 14 ms. Found 2 JPA repository interfaces.
2025-11-06T18:51:18.524-03:00  INFO 1760 --- [main] o.s.b.w.embedded.tomcat.TomcatWebServer  : Tomcat initialized with port 8080 (http)
2025-11-06T18:51:18.530-03:00  INFO 1760 --- [main] o.apache.catalina.core.StandardService   : Starting service [Tomcat]
2025-11-06T18:51:18.530-03:00  INFO 1760 --- [main] o.apache.catalina.core.StandardEngine    : Starting Servlet engine: [Apache Tomcat/10.1.46]
2025-11-06T18:51:18.553-03:00  INFO 1760 --- [main] o.a.c.c.C.[Tomcat].[localhost].[/api]    : Initializing Spring embedded WebApplicationContext
2025-11-06T18:51:18.553-03:00  INFO 1760 --- [main] w.s.c.ServletWebServerApplicationContext : Root WebApplicationContext: initialization completed in 507 ms
2025-11-06T18:51:18.634-03:00  INFO 1760 --- [main] com.zaxxer.hikari.HikariDataSource       : HikariPool-1 - Starting...
2025-11-06T18:51:18.696-03:00  INFO 1760 --- [main] com.zaxxer.hikari.pool.HikariPool        : HikariPool-1 - Added connection conn0: url=jdbc:h2:mem:ea5909a1-e009-40bb-b31c-4415293f177a user=SA
2025-11-06T18:51:18.696-03:00  INFO 1760 --- [main] com.zaxxer.hikari.HikariDataSource       : HikariPool-1 - Start completed.
2025-11-06T18:51:18.708-03:00  INFO 1760 --- [main] o.hibernate.jpa.internal.util.LogHelper  : HHH000204: Processing PersistenceUnitInfo [name: default]
2025-11-06T18:51:18.721-03:00  INFO 1760 --- [main] org.hibernate.Version                    : HHH000412: Hibernate ORM core version 6.6.29.Final
2025-11-06T18:51:18.730-03:00  INFO 1760 --- [main] o.h.c.internal.RegionFactoryInitiator    : HHH000026: Second-level cache disabled
2025-11-06T18:51:18.810-03:00  INFO 1760 --- [main] o.s.o.j.p.SpringPersistenceUnitInfo      : No LoadTimeWeaver setup: ignoring JPA class transformer
2025-11-06T18:51:18.832-03:00  INFO 1760 --- [main] org.hibernate.orm.connections.pooling    : HHH10001005: Database info:
	Database JDBC URL [Connecting through datasource 'HikariDataSource (HikariPool-1)']
	Database driver: undefined/unknown
	Database version: 2.3.232
	Autocommit mode: undefined/unknown
	Isolation level: undefined/unknown
	Minimum pool size: undefined/unknown
	Maximum pool size: undefined/unknown
2025-11-06T18:51:19.102-03:00  INFO 1760 --- [main] o.h.e.t.j.p.i.JtaPlatformInitiator       : HHH000489: No JTA platform available (set 'hibernate.transaction.jta.platform' to enable JTA platform integration)
2025-11-06T18:51:19.116-03:00  INFO 1760 --- [main] j.LocalContainerEntityManagerFactoryBean : Initialized JPA EntityManagerFactory for persistence unit 'default'
2025-11-06T18:51:19.235-03:00  INFO 1760 --- [main] o.s.d.j.r.query.QueryEnhancerFactory     : Hibernate is in classpath; If applicable, HQL parser will be used.
2025-11-06T18:51:19.480-03:00  WARN 1760 --- [main] JpaBaseConfiguration$JpaWebConfiguration : spring.jpa.open-in-view is enabled by default. Therefore, database queries may be performed during view rendering. Explicitly configure spring.jpa.open-in-view to disable this warning
2025-11-06T18:51:19.569-03:00  WARN 1760 --- [main] .s.s.UserDetailsServiceAutoConfiguration : 

Using generated security password: 8d94a0dd-f416-41de-9e1c-edc31a957ddc

This generated password is for development use only. Your security configuration must be updated before running your application in production.

2025-11-06T18:51:19.571-03:00  INFO 1760 --- [main] r$InitializeUserDetailsManagerConfigurer : Global AuthenticationManager configured with UserDetailsService bean with name inMemoryUserDetailsManager
2025-11-06T18:51:19.732-03:00  INFO 1760 --- [main] o.s.b.w.embedded.tomcat.TomcatWebServer  : Tomcat started on port 8080 (http) with context path '/api'
2025-11-06T18:51:19.801-03:00  INFO 1760 --- [main] br.pucpr.authserver.Bootstrapper         : ADMIN and USER roles created
2025-11-06T18:51:19.806-03:00  INFO 1760 --- [main] br.pucpr.authserver.Bootstrapper         : Administrator created
2025-11-06T18:51:19.807-03:00  INFO 1760 --- [main] b.p.authserver.AuthServerApplicationKt   : Started AuthServerApplicationKt in 1.92 seconds (process running for 2.065)
2025-11-06T18:51:52.842-03:00  INFO 1760 --- [SpringApplicationShutdownHook] o.s.b.w.e.tomcat.GracefulShutdown        : Commencing graceful shutdown. Waiting for active requests to complete
2025-11-06T18:51:52.851-03:00  INFO 1760 --- [tomcat-shutdown] o.s.b.w.e.tomcat.GracefulShutdown        : Graceful shutdown complete
2025-11-06T18:51:52.854-03:00  INFO 1760 --- [SpringApplicationShutdownHook] j.LocalContainerEntityManagerFactoryBean : Closing JPA EntityManagerFactory for persistence unit 'default'
2025-11-06T18:51:52.858-03:00  INFO 1760 --- [SpringApplicationShutdownHook] com.zaxxer.hikari.HikariDataSource       : HikariPool-1 - Shutdown initiated...
2025-11-06T18:51:52.859-03:00  INFO 1760 --- [SpringApplicationShutdownHook] com.zaxxer.hikari.HikariDataSource       : HikariPool-1 - Shutdown completed.
2025-11-06T20:07:15.772-03:00  INFO 5180 --- [main] b.p.authserver.AuthServerApplicationKt   : Starting AuthServerApplicationKt using Java 21.0.9 with PID 5180 (/Users/dhiessicaplastermoreira/Documents/Code/Study/PostGraduation/CloudAWS/authserver_01_inicial/build/classes/kotlin/main started by dhiessicaplastermoreira in /Users/dhiessicaplastermoreira/Documents/Code/Study/PostGraduation/CloudAWS/authserver_01_inicial)
2025-11-06T20:07:15.773-03:00  INFO 5180 --- [main] b.p.authserver.AuthServerApplicationKt   : The following 1 profile is active: "local"
2025-11-06T20:07:16.081-03:00  INFO 5180 --- [main] .s.d.r.c.RepositoryConfigurationDelegate : Bootstrapping Spring Data JPA repositories in DEFAULT mode.
2025-11-06T20:07:16.100-03:00  INFO 5180 --- [main] .s.d.r.c.RepositoryConfigurationDelegate : Finished Spring Data repository scanning in 16 ms. Found 2 JPA repository interfaces.
2025-11-06T20:07:16.291-03:00  INFO 5180 --- [main] o.s.b.w.embedded.tomcat.TomcatWebServer  : Tomcat initialized with port 8080 (http)
2025-11-06T20:07:16.296-03:00  INFO 5180 --- [main] o.apache.catalina.core.StandardService   : Starting service [Tomcat]
2025-11-06T20:07:16.296-03:00  INFO 5180 --- [main] o.apache.catalina.core.StandardEngine    : Starting Servlet engine: [Apache Tomcat/10.1.46]
2025-11-06T20:07:16.314-03:00  INFO 5180 --- [main] o.a.c.c.C.[Tomcat].[localhost].[/api]    : Initializing Spring embedded WebApplicationContext
2025-11-06T20:07:16.315-03:00  INFO 5180 --- [main] w.s.c.ServletWebServerApplicationContext : Root WebApplicationContext: initialization completed in 524 ms
2025-11-06T20:07:16.400-03:00  INFO 5180 --- [main] com.zaxxer.hikari.HikariDataSource       : HikariPool-1 - Starting...
2025-11-06T20:07:16.461-03:00  INFO 5180 --- [main] com.zaxxer.hikari.pool.HikariPool        : HikariPool-1 - Added connection conn0: url=jdbc:h2:mem:db user=SA
2025-11-06T20:07:16.462-03:00  INFO 5180 --- [main] com.zaxxer.hikari.HikariDataSource       : HikariPool-1 - Start completed.
2025-11-06T20:07:16.477-03:00  INFO 5180 --- [main] o.hibernate.jpa.internal.util.LogHelper  : HHH000204: Processing PersistenceUnitInfo [name: default]
2025-11-06T20:07:16.499-03:00  INFO 5180 --- [main] org.hibernate.Version                    : HHH000412: Hibernate ORM core version 6.6.29.Final
2025-11-06T20:07:16.511-03:00  INFO 5180 --- [main] o.h.c.internal.RegionFactoryInitiator    : HHH000026: Second-level cache disabled
2025-11-06T20:07:16.591-03:00  INFO 5180 --- [main] o.s.o.j.p.SpringPersistenceUnitInfo      : No LoadTimeWeaver setup: ignoring JPA class transformer
2025-11-06T20:07:16.617-03:00  INFO 5180 --- [main] org.hibernate.orm.connections.pooling    : HHH10001005: Database info:
	Database JDBC URL [Connecting through datasource 'HikariDataSource (HikariPool-1)']
	Database driver: undefined/unknown
	Database version: 2.3.232
	Autocommit mode: undefined/unknown
	Isolation level: undefined/unknown
	Minimum pool size: undefined/unknown
	Maximum pool size: undefined/unknown
2025-11-06T20:07:16.918-03:00  INFO 5180 --- [main] o.h.e.t.j.p.i.JtaPlatformInitiator       : HHH000489: No JTA platform available (set 'hibernate.transaction.jta.platform' to enable JTA platform integration)
2025-11-06T20:07:16.932-03:00  INFO 5180 --- [main] j.LocalContainerEntityManagerFactoryBean : Initialized JPA EntityManagerFactory for persistence unit 'default'
2025-11-06T20:07:17.064-03:00  INFO 5180 --- [main] o.s.d.j.r.query.QueryEnhancerFactory     : Hibernate is in classpath; If applicable, HQL parser will be used.
2025-11-06T20:07:17.323-03:00  WARN 5180 --- [main] JpaBaseConfiguration$JpaWebConfiguration : spring.jpa.open-in-view is enabled by default. Therefore, database queries may be performed during view rendering. Explicitly configure spring.jpa.open-in-view to disable this warning
2025-11-06T20:07:17.419-03:00  WARN 5180 --- [main] .s.s.UserDetailsServiceAutoConfiguration : 

Using generated security password: 30b8963c-65d1-410c-a624-1947899d12f7

This generated password is for development use only. Your security configuration must be updated before running your application in production.

2025-11-06T20:07:17.421-03:00  INFO 5180 --- [main] r$InitializeUserDetailsManagerConfigurer : Global AuthenticationManager configured with UserDetailsService bean with name inMemoryUserDetailsManager
2025-11-06T20:07:17.553-03:00  INFO 5180 --- [main] o.s.b.a.h2.H2ConsoleAutoConfiguration    : H2 console available at '/h2-console'. Database available at 'jdbc:h2:mem:db'
2025-11-06T20:07:17.605-03:00  INFO 5180 --- [main] o.s.b.w.embedded.tomcat.TomcatWebServer  : Tomcat started on port 8080 (http) with context path '/api'
2025-11-06T20:07:17.674-03:00  INFO 5180 --- [main] br.pucpr.authserver.Bootstrapper         : ADMIN and USER roles created
2025-11-06T20:07:17.683-03:00  INFO 5180 --- [main] br.pucpr.authserver.Bootstrapper         : Administrator created
2025-11-06T20:07:17.684-03:00  INFO 5180 --- [main] b.p.authserver.AuthServerApplicationKt   : Started AuthServerApplicationKt in 2.049 seconds (process running for 2.184)
2025-11-06T20:07:25.767-03:00  INFO 5180 --- [http-nio-8080-exec-3] o.a.c.c.C.[Tomcat].[localhost].[/api]    : Initializing Spring DispatcherServlet 'dispatcherServlet'
2025-11-06T20:07:25.767-03:00  INFO 5180 --- [http-nio-8080-exec-3] o.s.web.servlet.DispatcherServlet        : Initializing Servlet 'dispatcherServlet'
2025-11-06T20:07:25.768-03:00  INFO 5180 --- [http-nio-8080-exec-3] o.s.web.servlet.DispatcherServlet        : Completed initialization in 1 ms
2025-11-06T20:07:26.106-03:00  INFO 5180 --- [http-nio-8080-exec-2] o.springdoc.api.AbstractOpenApiResource  : Init duration for springdoc-openapi is: 202 ms
2025-11-06T20:09:42.752-03:00  INFO 5180 --- [SpringApplicationShutdownHook] o.s.b.w.e.tomcat.GracefulShutdown        : Commencing graceful shutdown. Waiting for active requests to complete
2025-11-06T20:09:42.761-03:00  INFO 5180 --- [tomcat-shutdown] o.s.b.w.e.tomcat.GracefulShutdown        : Graceful shutdown complete
2025-11-06T20:09:42.764-03:00  INFO 5180 --- [SpringApplicationShutdownHook] j.LocalContainerEntityManagerFactoryBean : Closing JPA EntityManagerFactory for persistence unit 'default'
2025-11-06T20:09:42.768-03:00  INFO 5180 --- [SpringApplicationShutdownHook] com.zaxxer.hikari.HikariDataSource       : HikariPool-1 - Shutdown initiated...
2025-11-06T20:09:42.769-03:00  INFO 5180 --- [SpringApplicationShutdownHook] com.zaxxer.hikari.HikariDataSource       : HikariPool-1 - Shutdown completed.
2025-11-06T20:09:54.499-03:00  INFO 5473 --- [main] b.p.authserver.AuthServerApplicationKt   : Starting AuthServerApplicationKt using Java 21.0.9 with PID 5473 (/Users/dhiessicaplastermoreira/Documents/Code/Study/PostGraduation/CloudAWS/authserver_01_inicial/build/classes/kotlin/main started by dhiessicaplastermoreira in /Users/dhiessicaplastermoreira/Documents/Code/Study/PostGraduation/CloudAWS/authserver_01_inicial)
2025-11-06T20:09:54.499-03:00  INFO 5473 --- [main] b.p.authserver.AuthServerApplicationKt   : The following 1 profile is active: "local"
2025-11-06T20:09:54.807-03:00  INFO 5473 --- [main] .s.d.r.c.RepositoryConfigurationDelegate : Bootstrapping Spring Data JPA repositories in DEFAULT mode.
2025-11-06T20:09:54.827-03:00  INFO 5473 --- [main] .s.d.r.c.RepositoryConfigurationDelegate : Finished Spring Data repository scanning in 16 ms. Found 2 JPA repository interfaces.
2025-11-06T20:09:55.028-03:00  INFO 5473 --- [main] o.s.b.w.embedded.tomcat.TomcatWebServer  : Tomcat initialized with port 8080 (http)
2025-11-06T20:09:55.033-03:00  INFO 5473 --- [main] o.apache.catalina.core.StandardService   : Starting service [Tomcat]
2025-11-06T20:09:55.033-03:00  INFO 5473 --- [main] o.apache.catalina.core.StandardEngine    : Starting Servlet engine: [Apache Tomcat/10.1.46]
2025-11-06T20:09:55.053-03:00  INFO 5473 --- [main] o.a.c.c.C.[Tomcat].[localhost].[/api]    : Initializing Spring embedded WebApplicationContext
2025-11-06T20:09:55.053-03:00  INFO 5473 --- [main] w.s.c.ServletWebServerApplicationContext : Root WebApplicationContext: initialization completed in 537 ms
2025-11-06T20:09:55.146-03:00  INFO 5473 --- [main] com.zaxxer.hikari.HikariDataSource       : HikariPool-1 - Starting...
2025-11-06T20:09:55.209-03:00  INFO 5473 --- [main] com.zaxxer.hikari.pool.HikariPool        : HikariPool-1 - Added connection conn0: url=jdbc:h2:mem:db user=SA
2025-11-06T20:09:55.210-03:00  INFO 5473 --- [main] com.zaxxer.hikari.HikariDataSource       : HikariPool-1 - Start completed.
2025-11-06T20:09:55.224-03:00  INFO 5473 --- [main] o.hibernate.jpa.internal.util.LogHelper  : HHH000204: Processing PersistenceUnitInfo [name: default]
2025-11-06T20:09:55.243-03:00  INFO 5473 --- [main] org.hibernate.Version                    : HHH000412: Hibernate ORM core version 6.6.29.Final
2025-11-06T20:09:55.254-03:00  INFO 5473 --- [main] o.h.c.internal.RegionFactoryInitiator    : HHH000026: Second-level cache disabled
2025-11-06T20:09:55.338-03:00  INFO 5473 --- [main] o.s.o.j.p.SpringPersistenceUnitInfo      : No LoadTimeWeaver setup: ignoring JPA class transformer
2025-11-06T20:09:55.364-03:00  INFO 5473 --- [main] org.hibernate.orm.connections.pooling    : HHH10001005: Database info:
	Database JDBC URL [Connecting through datasource 'HikariDataSource (HikariPool-1)']
	Database driver: undefined/unknown
	Database version: 2.3.232
	Autocommit mode: undefined/unknown
	Isolation level: undefined/unknown
	Minimum pool size: undefined/unknown
	Maximum pool size: undefined/unknown
2025-11-06T20:09:55.664-03:00  INFO 5473 --- [main] o.h.e.t.j.p.i.JtaPlatformInitiator       : HHH000489: No JTA platform available (set 'hibernate.transaction.jta.platform' to enable JTA platform integration)
2025-11-06T20:09:55.678-03:00  INFO 5473 --- [main] j.LocalContainerEntityManagerFactoryBean : Initialized JPA EntityManagerFactory for persistence unit 'default'
2025-11-06T20:09:55.811-03:00  INFO 5473 --- [main] o.s.d.j.r.query.QueryEnhancerFactory     : Hibernate is in classpath; If applicable, HQL parser will be used.
2025-11-06T20:09:56.066-03:00  WARN 5473 --- [main] JpaBaseConfiguration$JpaWebConfiguration : spring.jpa.open-in-view is enabled by default. Therefore, database queries may be performed during view rendering. Explicitly configure spring.jpa.open-in-view to disable this warning
2025-11-06T20:09:56.162-03:00  WARN 5473 --- [main] .s.s.UserDetailsServiceAutoConfiguration : 

Using generated security password: d7cd1bec-0312-483e-b581-20da2b242da7

This generated password is for development use only. Your security configuration must be updated before running your application in production.

2025-11-06T20:09:56.164-03:00  INFO 5473 --- [main] r$InitializeUserDetailsManagerConfigurer : Global AuthenticationManager configured with UserDetailsService bean with name inMemoryUserDetailsManager
2025-11-06T20:09:56.303-03:00  INFO 5473 --- [main] o.s.b.a.h2.H2ConsoleAutoConfiguration    : H2 console available at '/h2-console'. Database available at 'jdbc:h2:mem:db'
2025-11-06T20:09:56.356-03:00  INFO 5473 --- [main] o.s.b.w.embedded.tomcat.TomcatWebServer  : Tomcat started on port 8080 (http) with context path '/api'
2025-11-06T20:09:56.428-03:00  INFO 5473 --- [main] br.pucpr.authserver.Bootstrapper         : ADMIN and USER roles created
2025-11-06T20:09:56.434-03:00  INFO 5473 --- [main] br.pucpr.authserver.Bootstrapper         : Administrator created
2025-11-06T20:09:56.435-03:00  INFO 5473 --- [main] b.p.authserver.AuthServerApplicationKt   : Started AuthServerApplicationKt in 2.082 seconds (process running for 2.183)
2025-11-06T20:09:59.583-03:00  INFO 5473 --- [http-nio-8080-exec-1] o.a.c.c.C.[Tomcat].[localhost].[/api]    : Initializing Spring DispatcherServlet 'dispatcherServlet'
2025-11-06T20:09:59.584-03:00  INFO 5473 --- [http-nio-8080-exec-1] o.s.web.servlet.DispatcherServlet        : Initializing Servlet 'dispatcherServlet'
2025-11-06T20:09:59.584-03:00  INFO 5473 --- [http-nio-8080-exec-1] o.s.web.servlet.DispatcherServlet        : Completed initialization in 0 ms
2025-11-06T20:09:59.865-03:00  INFO 5473 --- [http-nio-8080-exec-8] o.springdoc.api.AbstractOpenApiResource  : Init duration for springdoc-openapi is: 189 ms
2025-11-06T20:10:14.879-03:00  INFO 5473 --- [SpringApplicationShutdownHook] o.s.b.w.e.tomcat.GracefulShutdown        : Commencing graceful shutdown. Waiting for active requests to complete
2025-11-06T20:10:14.886-03:00  INFO 5473 --- [tomcat-shutdown] o.s.b.w.e.tomcat.GracefulShutdown        : Graceful shutdown complete
2025-11-06T20:10:14.890-03:00  INFO 5473 --- [SpringApplicationShutdownHook] j.LocalContainerEntityManagerFactoryBean : Closing JPA EntityManagerFactory for persistence unit 'default'
2025-11-06T20:10:14.892-03:00  INFO 5473 --- [SpringApplicationShutdownHook] com.zaxxer.hikari.HikariDataSource       : HikariPool-1 - Shutdown initiated...
2025-11-06T20:10:14.893-03:00  INFO 5473 --- [SpringApplicationShutdownHook] com.zaxxer.hikari.HikariDataSource       : HikariPool-1 - Shutdown completed.
